Initialising login role...
Connecting to remote database...
The remote database's migration history does not match local files in supabase/migrations directory.

Make sure your local git repo is up-to-date. If the error persists, try repairing the migration history table:
supabase migration repair --status reverted 20251128045936
supabase migration repair --status reverted 20251201061628
supabase migration repair --status reverted 20251201064448
supabase migration repair --status reverted 20251202015952
supabase migration repair --status reverted 20251203104552
supabase migration repair --status reverted 20251204090933
supabase migration repair --status reverted 20251204092222
supabase migration repair --status reverted 20251205112342
supabase migration repair --status reverted 20251205115110
supabase migration repair --status reverted 20251205120314
supabase migration repair --status reverted 20251210024649
supabase migration repair --status reverted 20251210024906
supabase migration repair --status reverted 20251210053043
supabase migration repair --status reverted 20260105113957
supabase migration repair --status reverted 20260130052506
supabase migration repair --status reverted 20260211051022
supabase migration repair --status reverted 20260222052810
supabase migration repair --status reverted 20260401123537
supabase migration repair --status reverted 20260403052332
supabase migration repair --status reverted 20260403053640
supabase migration repair --status reverted 20260403113058
supabase migration repair --status reverted 20260405035958
supabase migration repair --status reverted 20260409063307
supabase migration repair --status reverted 20260409123459
supabase migration repair --status reverted 20260410053549
supabase migration repair --status reverted 20260413050628
supabase migration repair --status reverted 20260414051327
supabase migration repair --status reverted 20260414052046
supabase migration repair --status reverted 20260414052503
supabase migration repair --status reverted 20260414052813
supabase migration repair --status reverted 20260414053657
supabase migration repair --status reverted 20260414123255
supabase migration repair --status reverted 20260415050313
supabase migration repair --status reverted 20260415050330
supabase migration repair --status reverted 20260415050924
supabase migration repair --status reverted 20260415115013
supabase migration repair --status reverted 20260416125255
supabase migration repair --status reverted 20260417043751
supabase migration repair --status reverted 20260417114559
supabase migration repair --status reverted 20260417121314
supabase migration repair --status reverted 20260418103345
supabase migration repair --status reverted 20260419050630
supabase migration repair --status reverted 20260419052022
supabase migration repair --status reverted 20260419053832
supabase migration repair --status reverted 20260419093822
supabase migration repair --status reverted 20260419114424
supabase migration repair --status reverted 20260420041944
supabase migration repair --status reverted 20260420043120
supabase migration repair --status reverted 20260420043606
supabase migration repair --status reverted 20260420091600
supabase migration repair --status reverted 20260420094646
supabase migration repair --status reverted 20260420105450
supabase migration repair --status reverted 20260420120115
supabase migration repair --status reverted 20260420120419
supabase migration repair --status reverted 20260420120728
supabase migration repair --status reverted 20260421003025
supabase migration repair --status reverted 20260421003711
supabase migration repair --status reverted 20260421051433
supabase migration repair --status applied 20250905124826
supabase migration repair --status applied 20251201132000
supabase migration repair --status applied 20251201134500
supabase migration repair --status applied 20251201140000
supabase migration repair --status applied 20251202124500
supabase migration repair --status applied 20251202140000
supabase migration repair --status applied 20251204160000
supabase migration repair --status applied 20251204163000
supabase migration repair --status applied 20251204170000
supabase migration repair --status applied 20251205
supabase migration repair --status applied 20251205
supabase migration repair --status applied 20251205
supabase migration repair --status applied 20251205
supabase migration repair --status applied 20251210100000
supabase migration repair --status applied 20251210103000
supabase migration repair --status applied 20251210160000
supabase migration repair --status applied 20251210
supabase migration repair --status applied 20251210
supabase migration repair --status applied 20251210
supabase migration repair --status applied 20251210
supabase migration repair --status applied 20251210
supabase migration repair --status applied 20260105120000
supabase migration repair --status applied 20260130100000
supabase migration repair --status applied 20260204120000
supabase migration repair --status applied 20260406123841
supabase migration repair --status applied 20260410044206
supabase migration repair --status applied 20260420044500
supabase migration repair --status applied 20260420113500
supabase migration repair --status applied 20260420161400
supabase migration repair --status applied 20260420164600

